<?xml version="1.0" encoding="UTF-8"?>
<testng-results skipped="0" failed="0" total="1" passed="1">
  <reporter-output>
  </reporter-output>
  <suite name="Default suite" duration-ms="35048" started-at="2015-02-11T23:17:01Z" finished-at="2015-02-11T23:17:36Z">
    <groups>
    </groups>
    <test name="Default test" duration-ms="35048" started-at="2015-02-11T23:17:01Z" finished-at="2015-02-11T23:17:36Z">
      <class name="com.februaryeleven15.AjaxFour_WebDriver">
        <test-method status="PASS" signature="setUp()[pri:0, instance:com.februaryeleven15.AjaxFour_WebDriver@6ea6d14e]" name="setUp" is-config="true" duration-ms="14486" started-at="2015-02-11T18:17:01Z" finished-at="2015-02-11T18:17:16Z">
          <reporter-output>
          </reporter-output>
        </test-method> <!-- setUp -->
        <test-method status="PASS" signature="test()[pri:0, instance:com.februaryeleven15.AjaxFour_WebDriver@6ea6d14e]" name="test" duration-ms="20522" started-at="2015-02-11T18:17:16Z" finished-at="2015-02-11T18:17:36Z">
          <reporter-output>
          </reporter-output>
        </test-method> <!-- test -->
      </class> <!-- com.februaryeleven15.AjaxFour_WebDriver -->
    </test> <!-- Default test -->
  </suite> <!-- Default suite -->
</testng-results>
